Agenda:
1)
ID: SV
Name: Sara_Vasile
Telefon: 2106
ID Skype: svasile

2)
ID: IA
Name: Izabela_Argeseau
Telefon: 0106
ID Skype: 

3)
ID: AT
Name: Alina_Tirhoaca
Telefon: 
ID Skype: 

4)
ID: BS
Name: Brindusa_Simerea
Telefon: 2301
ID Skype: bsimerea

5)
ID: VG
Name: Viviana_Grosu
Telefon: 
ID Skype: 

6)
ID: AG
Name: Andreea_Gherman
Telefon: 2907
ID Skype: 

7)
ID: MB
Name: Mara_Balauta
Telefon: 1404
ID Skype: mbalauta

8)
ID: DH
Name: Daria_Hazaparu
Telefon: 
ID Skype: 

Agenda:
1)
ID: SV
Name: Sara_Vasile
Telefon: 2106
ID Skype: svasile

2)
ID: IA
Name: Izabela_Argeseau
Telefon: 0106
ID Skype: 

3)
ID: AT
Name: Alina_Tirhoaca
Telefon: 
ID Skype: 

4)
ID: BS
Name: Brindusa_Simerea
Telefon: 2301
ID Skype: bsimerea

5)
ID: VG
Name: Viviana_Grosu
Telefon: 
ID Skype: 

6)
ID: AG
Name: Andreea_Gherman
Telefon: 2907
ID Skype: 

7)
ID: MB
Name: Mara_Balauta
Telefon: 1404
ID Skype: mbalauta

8)
ID: DH
Name: Daria_Hazaparu
Telefon: 
ID Skype: 

